<?xml version="1.0" encoding="UTF-8"?>
<!-- Generated by org.testng.reporters.JUnitXMLReporter -->
<testsuite ignored="0" hostname="Ayesha" failures="0" tests="4" name="ChromeTest" time="15.107" errors="0" timestamp="2024-08-22T21:58:07 IST">
  <testcase classname="Seleniumviamaven.paralleltesting" name="testlogin" time="2.696"/>
  <testcase classname="Seleniumviamaven.paralleltesting" name="testlogin" time="0.634"/>
  <testcase classname="Seleniumviamaven.paralleltesting" name="testlogin" time="0.604"/>
  <testcase classname="Seleniumviamaven.paralleltesting" name="testlogin" time="0.539"/>
</testsuite> <!-- ChromeTest -->
