<?xml version="1.0" encoding="UTF-8"?>
<!-- Generated by org.testng.reporters.JUnitXMLReporter -->
<testsuite ignored="0" hostname="Ayesha" failures="0" tests="4" name="EdgeTest" time="13.516" errors="0" timestamp="2024-08-22T21:58:06 IST">
  <testcase classname="Seleniumviamaven.paralleltesting" name="testlogin" time="1.967"/>
  <testcase classname="Seleniumviamaven.paralleltesting" name="testlogin" time="1.028"/>
  <testcase classname="Seleniumviamaven.paralleltesting" name="testlogin" time="2.845"/>
  <testcase classname="Seleniumviamaven.paralleltesting" name="testlogin" time="1.385"/>
</testsuite> <!-- EdgeTest -->
