<?xml version="1.0" encoding="UTF-8"?>
<!-- Generated by org.testng.reporters.JUnitXMLReporter -->
<testsuite ignored="0" hostname="Ayesha" failures="0" tests="4" name="FirefoxTest" time="15.539" errors="0" timestamp="2024-08-22T21:58:08 IST">
  <testcase classname="Seleniumviamaven.paralleltesting" name="testlogin" time="2.753"/>
  <testcase classname="Seleniumviamaven.paralleltesting" name="testlogin" time="0.796"/>
  <testcase classname="Seleniumviamaven.paralleltesting" name="testlogin" time="0.591"/>
  <testcase classname="Seleniumviamaven.paralleltesting" name="testlogin" time="0.593"/>
</testsuite> <!-- FirefoxTest -->
