<?xml version="1.0" encoding="UTF-8"?>
<!-- Generated by org.testng.reporters.JUnitXMLReporter -->
<testsuite ignored="0" hostname="Ayesha" failures="0" tests="4" name="Test" time="16.939" errors="0" timestamp="2024-08-13T20:05:06 IST">
  <testcase classname="Seleniumviamaven.paralleltesting" name="testlogin" time="2.628"/>
  <testcase classname="Seleniumviamaven.paralleltesting" name="testlogin" time="1.027"/>
  <testcase classname="Seleniumviamaven.paralleltesting" name="testlogin" time="0.586"/>
  <testcase classname="Seleniumviamaven.paralleltesting" name="testlogin" time="0.651"/>
</testsuite> <!-- Test -->
